<?xml version="1.0" encoding="UTF-8"?>
<testsuite name="ExpressionParserTest" tests="2" skipped="0" failures="0" errors="0" timestamp="2021-04-12T22:49:56" hostname="bautistas-MBP.fibertel.com.ar" time="0.01">
  <properties/>
  <testcase name="testBuild1()" classname="ExpressionParserTest" time="0.003"/>
  <testcase name="testBuild2()" classname="ExpressionParserTest" time="0.005"/>
  <system-out><![CDATA[]]></system-out>
  <system-err><![CDATA[]]></system-err>
</testsuite>
