<?xml version="1.0" encoding="UTF-8"?>
<testsuite name="ASTTest" tests="1" skipped="0" failures="0" errors="0" timestamp="2021-04-12T22:27:32" hostname="bautistas-MBP.fibertel.com.ar" time="0.029">
  <properties/>
  <testcase name="testAstBuild()" classname="ASTTest" time="0.029"/>
  <system-out><![CDATA[]]></system-out>
  <system-err><![CDATA[]]></system-err>
</testsuite>
