<?xml version="1.0" encoding="UTF-8"?>
<testsuite name="TokenPatternTest" tests="4" skipped="0" failures="0" errors="0" timestamp="2021-04-14T22:42:26" hostname="bautistas-MacBook-Pro.local" time="0.017">
  <properties/>
  <testcase name="testEndsWith()" classname="TokenPatternTest" time="0.004"/>
  <testcase name="testMatches()" classname="TokenPatternTest" time="0.002"/>
  <testcase name="testContain()" classname="TokenPatternTest" time="0.001"/>
  <testcase name="testStartsWith()" classname="TokenPatternTest" time="0.001"/>
  <system-out><![CDATA[]]></system-out>
  <system-err><![CDATA[]]></system-err>
</testsuite>
