<?xml version="1.0" encoding="UTF-8"?>
<testsuite name="ReferenceBuilderTest" tests="1" skipped="0" failures="0" errors="0" timestamp="2021-04-14T22:44:33" hostname="bautistas-MacBook-Pro.local" time="0.001">
  <properties/>
  <testcase name="testBuild1()" classname="ReferenceBuilderTest" time="0.001"/>
  <system-out><![CDATA[]]></system-out>
  <system-err><![CDATA[]]></system-err>
</testsuite>
