<?xml version="1.0" encoding="UTF-8"?>
<testsuite name="ASTTest" tests="1" skipped="0" failures="0" errors="0" timestamp="2021-04-14T22:44:33" hostname="bautistas-MacBook-Pro.local" time="0.005">
  <properties/>
  <testcase name="testAstBuild()" classname="ASTTest" time="0.005"/>
  <system-out><![CDATA[]]></system-out>
  <system-err><![CDATA[]]></system-err>
</testsuite>
