<?xml version="1.0" encoding="UTF-8"?>
<testsuite name="ExpressionBuilderTest" tests="2" skipped="0" failures="0" errors="0" timestamp="2021-04-10T03:01:55" hostname="bautistas-MBP.fibertel.com.ar" time="0.037">
  <properties/>
  <testcase name="testBuild1()" classname="ExpressionBuilderTest" time="0.035"/>
  <testcase name="testBuild2()" classname="ExpressionBuilderTest" time="0.002"/>
  <system-out><![CDATA[]]></system-out>
  <system-err><![CDATA[]]></system-err>
</testsuite>
