<?xml version="1.0" encoding="UTF-8"?>
<testsuite name="NodeTest" tests="5" skipped="0" failures="0" errors="0" timestamp="2021-04-14T22:44:33" hostname="bautistas-MacBook-Pro.local" time="0.031">
  <properties/>
  <testcase name="testEndsWith()" classname="NodeTest" time="0.005"/>
  <testcase name="testContainsToken()" classname="NodeTest" time="0.002"/>
  <testcase name="testGetIndexOfToken()" classname="NodeTest" time="0.007"/>
  <testcase name="testIsTokenType()" classname="NodeTest" time="0.002"/>
  <testcase name="testStartsWith()" classname="NodeTest" time="0.002"/>
  <system-out><![CDATA[]]></system-out>
  <system-err><![CDATA[]]></system-err>
</testsuite>
