<?xml version="1.0" encoding="UTF-8"?>
<testsuite name="DeclartionBuilderTest" tests="1" skipped="0" failures="0" errors="0" timestamp="2021-04-09T14:38:42" hostname="bautistas-MacBook-Pro.local" time="0.001">
  <properties/>
  <testcase name="testBuild()" classname="DeclartionBuilderTest" time="0.001"/>
  <system-out><![CDATA[]]></system-out>
  <system-err><![CDATA[]]></system-err>
</testsuite>
