<?xml version="1.0" encoding="UTF-8"?>
<testsuite name="ExpressionBuilderTest" tests="2" skipped="0" failures="0" errors="0" timestamp="2021-04-09T14:19:37" hostname="bautistas-MacBook-Pro.local" time="0.058">
  <properties/>
  <testcase name="testBuild1()" classname="ExpressionBuilderTest" time="0.032"/>
  <testcase name="testBuild2()" classname="ExpressionBuilderTest" time="0.024"/>
  <system-out><![CDATA[]]></system-out>
  <system-err><![CDATA[]]></system-err>
</testsuite>
