<?xml version="1.0" encoding="UTF-8"?>
<testsuite name="SyntaxTest" tests="1" skipped="0" failures="0" errors="0" timestamp="2021-03-24T20:56:31" hostname="bautistas-MacBook-Pro.local" time="0.034">
  <properties/>
  <testcase name="testClassify()" classname="SyntaxTest" time="0.034"/>
  <system-out><![CDATA[]]></system-out>
  <system-err><![CDATA[]]></system-err>
</testsuite>
