<?xml version="1.0" encoding="UTF-8"?>
<testsuite name="NodeTest" tests="5" skipped="0" failures="0" errors="0" timestamp="2021-04-14T22:42:26" hostname="bautistas-MacBook-Pro.local" time="0.013">
  <properties/>
  <testcase name="testEndsWith()" classname="NodeTest" time="0.002"/>
  <testcase name="testContainsToken()" classname="NodeTest" time="0.001"/>
  <testcase name="testGetIndexOfToken()" classname="NodeTest" time="0.002"/>
  <testcase name="testIsTokenType()" classname="NodeTest" time="0.002"/>
  <testcase name="testStartsWith()" classname="NodeTest" time="0.002"/>
  <system-out><![CDATA[]]></system-out>
  <system-err><![CDATA[]]></system-err>
</testsuite>
