<?xml version="1.0" encoding="UTF-8"?>
<testsuite name="NodeTest" tests="5" skipped="0" failures="0" errors="0" timestamp="2021-04-12T22:49:56" hostname="bautistas-MBP.fibertel.com.ar" time="0.033">
  <properties/>
  <testcase name="testEndsWith()" classname="NodeTest" time="0.012"/>
  <testcase name="testContainsToken()" classname="NodeTest" time="0.003"/>
  <testcase name="testGetIndexOfToken()" classname="NodeTest" time="0.001"/>
  <testcase name="testIsTokenType()" classname="NodeTest" time="0.003"/>
  <testcase name="testStartsWith()" classname="NodeTest" time="0.001"/>
  <system-out><![CDATA[]]></system-out>
  <system-err><![CDATA[]]></system-err>
</testsuite>
