<?xml version="1.0" encoding="UTF-8"?>
<testsuite name="ShuntingYardTest" tests="1" skipped="0" failures="0" errors="0" timestamp="2021-04-05T22:35:03" hostname="bautistas-MacBook-Pro.local" time="0.025">
  <properties/>
  <testcase name="testComplexShuntingYard()" classname="ShuntingYardTest" time="0.025"/>
  <system-out><![CDATA[]]></system-out>
  <system-err><![CDATA[]]></system-err>
</testsuite>
