<?xml version="1.0" encoding="UTF-8"?>
<testsuite name="ShuntingYardTest" tests="5" skipped="0" failures="0" errors="0" timestamp="2021-04-14T22:42:26" hostname="bautistas-MacBook-Pro.local" time="0.028">
  <properties/>
  <testcase name="testProcessShuntingYard01()" classname="ShuntingYardTest" time="0.002"/>
  <testcase name="testProcessShuntingYard02()" classname="ShuntingYardTest" time="0.001"/>
  <testcase name="testProcessShuntingYard03()" classname="ShuntingYardTest" time="0.003"/>
  <testcase name="testProcessShuntingYard04()" classname="ShuntingYardTest" time="0.012"/>
  <testcase name="testProcessShuntingYard05()" classname="ShuntingYardTest" time="0.001"/>
  <system-out><![CDATA[]]></system-out>
  <system-err><![CDATA[]]></system-err>
</testsuite>
