<?xml version="1.0" encoding="UTF-8"?>
<testsuite name="DelcarationAssignationParserTest" tests="2" skipped="0" failures="0" errors="0" timestamp="2021-04-12T22:49:56" hostname="bautistas-MBP.fibertel.com.ar" time="0.027">
  <properties/>
  <testcase name="testBuild01()" classname="DelcarationAssignationParserTest" time="0.025"/>
  <testcase name="testBuild02()" classname="DelcarationAssignationParserTest" time="0.001"/>
  <system-out><![CDATA[]]></system-out>
  <system-err><![CDATA[]]></system-err>
</testsuite>
