<?xml version="1.0" encoding="UTF-8"?>
<testsuite name="DeclartionBuilderTest" tests="1" skipped="0" failures="0" errors="0" timestamp="2021-04-14T22:42:26" hostname="bautistas-MacBook-Pro.local" time="0.002">
  <properties/>
  <testcase name="testBuild()" classname="DeclartionBuilderTest" time="0.002"/>
  <system-out><![CDATA[]]></system-out>
  <system-err><![CDATA[]]></system-err>
</testsuite>
