<?xml version="1.0" encoding="UTF-8"?>
<testsuite name="ShuntingYardTest" tests="1" skipped="0" failures="0" errors="0" timestamp="2021-04-06T00:39:00" hostname="bautistas-MacBook-Pro.local" time="0.023">
  <properties/>
  <testcase name="testProcessShuntingYard02()" classname="ShuntingYardTest" time="0.023"/>
  <system-out><![CDATA[]]></system-out>
  <system-err><![CDATA[]]></system-err>
</testsuite>
