<?xml version="1.0" encoding="UTF-8"?>
<testsuite name="DelcarationAssignationParserTest" tests="1" skipped="0" failures="0" errors="0" timestamp="2021-04-10T03:14:49" hostname="bautistas-MBP.fibertel.com.ar" time="0.035">
  <properties/>
  <testcase name="testBuild()" classname="DelcarationAssignationParserTest" time="0.035"/>
  <system-out><![CDATA[]]></system-out>
  <system-err><![CDATA[]]></system-err>
</testsuite>
